app/build/intermediates/manifest_merge_blame_file/debug/manifest-merger-blame-debug-report.txt
1<?xml version="1.0" encoding="utf-8"?>
2<manifest xmlns:android="http://schemas.android.com/apk/res/android"
3    package="com.example.takephotoandtailor"
4    android:versionCode="1"
5    android:versionName="1.0" >
6
7    <uses-sdk
8        android:minSdkVersion="21"
8-->src\main\AndroidManifest.xml
9        android:targetSdkVersion="31" />
9-->src\main\AndroidManifest.xml
10
11    <uses-permission android:name="android.permission.WRITE_EXTERNAL_STORAGE" />
11-->src\main\AndroidManifest.xml:6:5-81
11-->src\main\AndroidManifest.xml:6:22-78
12    <uses-permission android:name="android.permission.READ_EXTERNAL_STORAGE" />
12-->src\main\AndroidManifest.xml:7:5-80
12-->src\main\AndroidManifest.xml:7:22-77
13    <uses-permission android:name="android.permission.CAMERA" />
13-->src\main\AndroidManifest.xml:8:5-65
13-->src\main\AndroidManifest.xml:8:22-62
14
15    <application
15-->src\main\AndroidManifest.xml:10:5-47:19
16        android:name="com.example.takephotoandtailor.App"
16-->src\main\AndroidManifest.xml:11:9-28
17        android:allowBackup="true"
17-->src\main\AndroidManifest.xml:12:9-35
18        android:appComponentFactory="android.support.v4.app.CoreComponentFactory"
18-->[com.android.support:support-compat:28.0.0] AndroidManifest.xml:22:18-91
19        android:debuggable="true"
20        android:icon="@mipmap/ic_launcher"
20-->src\main\AndroidManifest.xml:13:9-43
21        android:label="@string/app_name"
21-->src\main\AndroidManifest.xml:14:9-41
22        android:roundIcon="@mipmap/ic_launcher_round"
22-->src\main\AndroidManifest.xml:15:9-54
23        android:supportsRtl="true"
23-->src\main\AndroidManifest.xml:16:9-35
24        android:testOnly="true"
25        android:theme="@style/AppTheme" >
25-->src\main\AndroidManifest.xml:17:9-40
26        <activity
26-->src\main\AndroidManifest.xml:19:9-21:58
27            android:name="com.example.takephotoandtailor.activity.SelectPicActivity"
27-->src\main\AndroidManifest.xml:21:13-55
28            android:exported="true" />
28-->src\main\AndroidManifest.xml:20:13-36
29        <activity
29-->src\main\AndroidManifest.xml:22:9-28:20
30            android:name="com.example.takephotoandtailor.MainActivity"
30-->src\main\AndroidManifest.xml:22:45-73
31            android:exported="true" >
31-->src\main\AndroidManifest.xml:22:19-44
32            <intent-filter>
32-->src\main\AndroidManifest.xml:23:13-27:29
33                <action android:name="android.intent.action.MAIN" />
33-->src\main\AndroidManifest.xml:24:17-69
33-->src\main\AndroidManifest.xml:24:25-66
34
35                <category android:name="android.intent.category.LAUNCHER" />
35-->src\main\AndroidManifest.xml:26:17-77
35-->src\main\AndroidManifest.xml:26:27-74
36            </intent-filter>
37        </activity>
38        <activity
38-->src\main\AndroidManifest.xml:30:9-34:71
39            android:name="com.yalantis.ucrop.UCropActivity"
39-->src\main\AndroidManifest.xml:32:13-60
40            android:exported="true"
40-->src\main\AndroidManifest.xml:31:13-38
41            android:screenOrientation="portrait"
41-->src\main\AndroidManifest.xml:33:13-49
42            android:theme="@style/Theme.AppCompat.Light.NoActionBar" />
42-->src\main\AndroidManifest.xml:34:13-69
43
44        <!-- 适配android 7.0 拍照闪退的处理 ,其中authorities的值要和等下代码中使用的一致就行，其中resource内的文件就是拍照后的共享文件 -->
45        <provider
45-->src\main\AndroidManifest.xml:38:9-46:20
46            android:name="android.support.v4.content.FileProvider"
46-->src\main\AndroidManifest.xml:39:13-67
47            android:authorities="com.example.takephotoandtailor.fileprovider"
47-->src\main\AndroidManifest.xml:40:13-78
48            android:exported="false"
48-->src\main\AndroidManifest.xml:41:13-37
49            android:grantUriPermissions="true" >
49-->src\main\AndroidManifest.xml:42:13-47
50            <meta-data
50-->src\main\AndroidManifest.xml:43:13-45:54
51                android:name="android.support.FILE_PROVIDER_PATHS"
51-->src\main\AndroidManifest.xml:44:17-67
52                android:resource="@xml/file_paths" />
52-->src\main\AndroidManifest.xml:45:17-51
53        </provider>
54
55        <activity
55-->[com.blankj:utilcode:1.22.10] AndroidManifest.xml:10:9-15:75
56            android:name="com.blankj.utilcode.util.PermissionUtils$PermissionActivity"
56-->[com.blankj:utilcode:1.22.10] AndroidManifest.xml:11:13-87
57            android:configChanges="orientation|keyboardHidden|screenSize"
57-->[com.blankj:utilcode:1.22.10] AndroidManifest.xml:12:13-74
58            android:multiprocess="true"
58-->[com.blankj:utilcode:1.22.10] AndroidManifest.xml:13:13-40
59            android:theme="@style/ActivityTranslucent"
59-->[com.blankj:utilcode:1.22.10] AndroidManifest.xml:14:13-55
60            android:windowSoftInputMode="stateHidden|stateAlwaysHidden" />
60-->[com.blankj:utilcode:1.22.10] AndroidManifest.xml:15:13-72
61
62        <provider
62-->[com.blankj:utilcode:1.22.10] AndroidManifest.xml:17:9-26:20
63            android:name="com.blankj.utilcode.util.Utils$FileProvider4UtilCode"
63-->[com.blankj:utilcode:1.22.10] AndroidManifest.xml:18:13-80
64            android:authorities="com.example.takephotoandtailor.utilcode.provider"
64-->[com.blankj:utilcode:1.22.10] AndroidManifest.xml:19:13-69
65            android:exported="false"
65-->[com.blankj:utilcode:1.22.10] AndroidManifest.xml:20:13-37
66            android:grantUriPermissions="true"
66-->[com.blankj:utilcode:1.22.10] AndroidManifest.xml:21:13-47
67            android:multiprocess="true" >
67-->[com.blankj:utilcode:1.22.10] AndroidManifest.xml:22:13-40
68            <meta-data
68-->src\main\AndroidManifest.xml:43:13-45:54
69                android:name="android.support.FILE_PROVIDER_PATHS"
69-->src\main\AndroidManifest.xml:44:17-67
70                android:resource="@xml/util_code_provider_paths" />
70-->src\main\AndroidManifest.xml:45:17-51
71        </provider>
72    </application>
73
74</manifest>